android/app/build/intermediates/manifest_merge_blame_file/debug/manifest-merger-blame-debug-report.txt
1<?xml version="1.0" encoding="utf-8"?>
2<manifest xmlns:android="http://schemas.android.com/apk/res/android"
3    package="com.geor.ecommerce"
4    android:versionCode="1"
5    android:versionName="1.0" >
6
7    <uses-sdk
8        android:minSdkVersion="22"
8-->src\main\AndroidManifest.xml
9        android:targetSdkVersion="32" />
9-->src\main\AndroidManifest.xml
10
11    <!-- Permissions -->
12
13    <uses-permission android:name="android.permission.INTERNET" />
13-->src\main\AndroidManifest.xml:41:5-67
13-->src\main\AndroidManifest.xml:41:22-64
14    <uses-permission android:name="android.permission.VIBRATE" />
14-->[:capacitor-haptics] AndroidManifest.xml:7:5-66
14-->[:capacitor-haptics] AndroidManifest.xml:7:22-63
15    <uses-permission android:name="android.permission.CALL_PHONE" />
15-->[:capacitor-cordova-android-plugins] AndroidManifest.xml:8:5-69
15-->[:capacitor-cordova-android-plugins] AndroidManifest.xml:8:22-66
16
17    <uses-feature
17-->[:capacitor-cordova-android-plugins] AndroidManifest.xml:10:5-12:36
18        android:name="android.hardware.telephony"
18-->[:capacitor-cordova-android-plugins] AndroidManifest.xml:11:9-50
19        android:required="false" />
19-->[:capacitor-cordova-android-plugins] AndroidManifest.xml:12:9-33
20
21    <uses-permission android:name="android.permission.BLUETOOTH" />
21-->[:capacitor-cordova-android-plugins] AndroidManifest.xml:14:5-68
21-->[:capacitor-cordova-android-plugins] AndroidManifest.xml:14:22-65
22
23    <application
23-->src\main\AndroidManifest.xml:5:5-37:19
24        android:allowBackup="true"
24-->src\main\AndroidManifest.xml:6:9-35
25        android:appComponentFactory="androidx.core.app.CoreComponentFactory"
25-->[androidx.core:core:1.8.0] AndroidManifest.xml:24:18-86
26        android:debuggable="true"
27        android:icon="@mipmap/ic_launcher"
27-->src\main\AndroidManifest.xml:7:9-43
28        android:label="@string/app_name"
28-->src\main\AndroidManifest.xml:8:9-41
29        android:roundIcon="@mipmap/ic_launcher_round"
29-->src\main\AndroidManifest.xml:9:9-54
30        android:supportsRtl="true"
30-->src\main\AndroidManifest.xml:10:9-35
31        android:theme="@style/AppTheme" >
31-->src\main\AndroidManifest.xml:11:9-40
32        <activity
32-->src\main\AndroidManifest.xml:13:9-26:20
33            android:name="com.geor.ecommerce.MainActivity"
33-->src\main\AndroidManifest.xml:15:13-59
34            android:configChanges="orientation|keyboardHidden|keyboard|screenSize|locale|smallestScreenSize|screenLayout|uiMode"
34-->src\main\AndroidManifest.xml:14:13-129
35            android:exported="true"
35-->src\main\AndroidManifest.xml:19:13-36
36            android:label="@string/title_activity_main"
36-->src\main\AndroidManifest.xml:16:13-56
37            android:launchMode="singleTask"
37-->src\main\AndroidManifest.xml:18:13-44
38            android:theme="@style/AppTheme.NoActionBarLaunch" >
38-->src\main\AndroidManifest.xml:17:13-62
39            <intent-filter>
39-->src\main\AndroidManifest.xml:21:13-24:29
40                <action android:name="android.intent.action.MAIN" />
40-->src\main\AndroidManifest.xml:22:17-69
40-->src\main\AndroidManifest.xml:22:25-66
41
42                <category android:name="android.intent.category.LAUNCHER" />
42-->src\main\AndroidManifest.xml:23:17-77
42-->src\main\AndroidManifest.xml:23:27-74
43            </intent-filter>
44        </activity>
45
46        <provider
47            android:name="androidx.core.content.FileProvider"
47-->src\main\AndroidManifest.xml:29:13-62
48            android:authorities="com.geor.ecommerce.fileprovider"
48-->src\main\AndroidManifest.xml:30:13-64
49            android:exported="false"
49-->src\main\AndroidManifest.xml:31:13-37
50            android:grantUriPermissions="true" >
50-->src\main\AndroidManifest.xml:32:13-47
51            <meta-data
51-->src\main\AndroidManifest.xml:33:13-35:64
52                android:name="android.support.FILE_PROVIDER_PATHS"
52-->src\main\AndroidManifest.xml:34:17-67
53                android:resource="@xml/file_paths" />
53-->src\main\AndroidManifest.xml:35:17-51
54        </provider>
55
56        <activity
56-->[com.google.android.gms:play-services-base:18.0.1] AndroidManifest.xml:20:9-22:45
57            android:name="com.google.android.gms.common.api.GoogleApiActivity"
57-->[com.google.android.gms:play-services-base:18.0.1] AndroidManifest.xml:20:19-85
58            android:exported="false"
58-->[com.google.android.gms:play-services-base:18.0.1] AndroidManifest.xml:22:19-43
59            android:theme="@android:style/Theme.Translucent.NoTitleBar" />
59-->[com.google.android.gms:play-services-base:18.0.1] AndroidManifest.xml:21:19-78
60
61        <meta-data
61-->[com.google.android.gms:play-services-basement:18.0.0] AndroidManifest.xml:21:9-23:69
62            android:name="com.google.android.gms.version"
62-->[com.google.android.gms:play-services-basement:18.0.0] AndroidManifest.xml:22:13-58
63            android:value="@integer/google_play_services_version" />
63-->[com.google.android.gms:play-services-basement:18.0.0] AndroidManifest.xml:23:13-66
64
65        <provider
65-->[androidx.emoji2:emoji2:1.0.0] AndroidManifest.xml:26:9-34:20
66            android:name="androidx.startup.InitializationProvider"
66-->[androidx.emoji2:emoji2:1.0.0] AndroidManifest.xml:27:13-67
67            android:authorities="com.geor.ecommerce.androidx-startup"
67-->[androidx.emoji2:emoji2:1.0.0] AndroidManifest.xml:28:13-68
68            android:exported="false" >
68-->[androidx.emoji2:emoji2:1.0.0] AndroidManifest.xml:29:13-37
69            <meta-data
69-->[androidx.emoji2:emoji2:1.0.0] AndroidManifest.xml:31:13-33:52
70                android:name="androidx.emoji2.text.EmojiCompatInitializer"
70-->[androidx.emoji2:emoji2:1.0.0] AndroidManifest.xml:32:17-75
71                android:value="androidx.startup" />
71-->[androidx.emoji2:emoji2:1.0.0] AndroidManifest.xml:33:17-49
72            <meta-data
72-->[androidx.lifecycle:lifecycle-process:2.4.0] AndroidManifest.xml:31:13-33:52
73                android:name="androidx.lifecycle.ProcessLifecycleInitializer"
73-->[androidx.lifecycle:lifecycle-process:2.4.0] AndroidManifest.xml:32:17-78
74                android:value="androidx.startup" />
74-->[androidx.lifecycle:lifecycle-process:2.4.0] AndroidManifest.xml:33:17-49
75        </provider>
76    </application>
77
78</manifest>